app/build/intermediates/manifest_merge_blame_file/debug/manifest-merger-blame-debug-report.txt
1<?xml version="1.0" encoding="utf-8"?>
2<manifest xmlns:android="http://schemas.android.com/apk/res/android"
3    package="com.androiddevs.runningappyt"
4    android:versionCode="1"
5    android:versionName="1.0" >
6
7    <uses-sdk
8        android:minSdkVersion="21"
8-->src\main\AndroidManifest.xml
9        android:targetSdkVersion="28" />
9-->[androidx.navigation:navigation-ui-ktx:2.2.2] AndroidManifest.xml:22:9-38
10
11    <uses-permission android:name="android.permission.ACCESS_FINE_LOCATION" />
11-->src\main\AndroidManifest.xml:5:5-79
11-->src\main\AndroidManifest.xml:5:22-76
12    <uses-permission android:name="android.permission.ACCESS_COARSE_LOCATION" />
12-->src\main\AndroidManifest.xml:6:5-81
12-->src\main\AndroidManifest.xml:6:22-78
13    <uses-permission android:name="android.permission.ACCESS_BACKGROUND_LOCATION" />
13-->src\main\AndroidManifest.xml:7:5-85
13-->src\main\AndroidManifest.xml:7:22-82
14    <uses-permission android:name="android.permission.FOREGROUND_SERVICE" />
14-->src\main\AndroidManifest.xml:8:5-77
14-->src\main\AndroidManifest.xml:8:22-74
15
16    <!-- Include required permissions for Google Maps API to run. -->
17    <uses-permission android:name="android.permission.ACCESS_NETWORK_STATE" />
17-->[com.google.android.gms:play-services-maps:17.0.0] AndroidManifest.xml:23:5-79
17-->[com.google.android.gms:play-services-maps:17.0.0] AndroidManifest.xml:23:22-76
18    <uses-permission android:name="android.permission.INTERNET" />
18-->[com.google.android.gms:play-services-maps:17.0.0] AndroidManifest.xml:24:5-67
18-->[com.google.android.gms:play-services-maps:17.0.0] AndroidManifest.xml:24:22-64
19
20    <uses-feature
20-->[com.google.android.gms:play-services-maps:17.0.0] AndroidManifest.xml:26:5-28:35
21        android:glEsVersion="0x00020000"
21-->[com.google.android.gms:play-services-maps:17.0.0] AndroidManifest.xml:27:9-41
22        android:required="true" />
22-->[com.google.android.gms:play-services-maps:17.0.0] AndroidManifest.xml:28:9-32
23
24    <application
24-->src\main\AndroidManifest.xml:10:5-32:19
25        android:name="com.androiddevs.runningappyt.di.BaseApplication"
25-->src\main\AndroidManifest.xml:11:9-43
26        android:allowBackup="true"
26-->src\main\AndroidManifest.xml:12:9-35
27        android:appComponentFactory="androidx.core.app.CoreComponentFactory"
27-->[androidx.core:core:1.2.0] AndroidManifest.xml:24:18-86
28        android:debuggable="true"
29        android:icon="@mipmap/ic_launcher"
29-->src\main\AndroidManifest.xml:13:9-43
30        android:label="@string/app_name"
30-->src\main\AndroidManifest.xml:14:9-41
31        android:roundIcon="@mipmap/ic_launcher_round"
31-->src\main\AndroidManifest.xml:15:9-54
32        android:supportsRtl="true"
32-->src\main\AndroidManifest.xml:16:9-35
33        android:testOnly="true"
34        android:theme="@style/AppTheme" >
34-->src\main\AndroidManifest.xml:17:9-40
35        <activity
35-->src\main\AndroidManifest.xml:18:9-24:20
36            android:name="com.androiddevs.runningappyt.MainActivity"
36-->src\main\AndroidManifest.xml:18:19-47
37            android:launchMode="singleTask" >
37-->src\main\AndroidManifest.xml:18:48-79
38            <intent-filter>
38-->src\main\AndroidManifest.xml:19:13-23:29
39                <action android:name="android.intent.action.MAIN" />
39-->src\main\AndroidManifest.xml:20:17-69
39-->src\main\AndroidManifest.xml:20:25-66
40
41                <category android:name="android.intent.category.LAUNCHER" />
41-->src\main\AndroidManifest.xml:22:17-77
41-->src\main\AndroidManifest.xml:22:27-74
42            </intent-filter>
43        </activity>
44
45        <meta-data
45-->src\main\AndroidManifest.xml:26:9-28:69
46            android:name="com.google.android.gms.version"
46-->src\main\AndroidManifest.xml:27:13-58
47            android:value="@integer/google_play_services_version" />
47-->src\main\AndroidManifest.xml:28:13-66
48        <meta-data
48-->src\main\AndroidManifest.xml:29:9-31:55
49            android:name="com.google.android.geo.API_KEY"
49-->src\main\AndroidManifest.xml:30:13-58
50            android:value="@string/google_maps_key" />
50-->src\main\AndroidManifest.xml:31:13-52
51
52        <activity
52-->[pub.devrel:easypermissions:3.0.0] AndroidManifest.xml:12:9-16:66
53            android:name="pub.devrel.easypermissions.AppSettingsDialogHolderActivity"
53-->[pub.devrel:easypermissions:3.0.0] AndroidManifest.xml:13:13-86
54            android:exported="false"
54-->[pub.devrel:easypermissions:3.0.0] AndroidManifest.xml:14:13-37
55            android:label=""
55-->[pub.devrel:easypermissions:3.0.0] AndroidManifest.xml:15:13-29
56            android:theme="@style/EasyPermissions.Transparent" />
56-->[pub.devrel:easypermissions:3.0.0] AndroidManifest.xml:16:13-63
57
58        <service
58-->[androidx.room:room-runtime:2.2.5] AndroidManifest.xml:25:9-28:40
59            android:name="androidx.room.MultiInstanceInvalidationService"
59-->[androidx.room:room-runtime:2.2.5] AndroidManifest.xml:26:13-74
60            android:directBootAware="true"
60-->[androidx.room:room-runtime:2.2.5] AndroidManifest.xml:27:13-43
61            android:exported="false" /> <!-- Needs to be explicitly declared on P+ -->
61-->[androidx.room:room-runtime:2.2.5] AndroidManifest.xml:28:13-37
62        <uses-library
62-->[com.google.android.gms:play-services-maps:17.0.0] AndroidManifest.xml:33:9-35:40
63            android:name="org.apache.http.legacy"
63-->[com.google.android.gms:play-services-maps:17.0.0] AndroidManifest.xml:34:13-50
64            android:required="false" />
64-->[com.google.android.gms:play-services-maps:17.0.0] AndroidManifest.xml:35:13-37
65
66        <activity
66-->[com.google.android.gms:play-services-base:17.0.0] AndroidManifest.xml:23:9-26:75
67            android:name="com.google.android.gms.common.api.GoogleApiActivity"
67-->[com.google.android.gms:play-services-base:17.0.0] AndroidManifest.xml:24:13-79
68            android:exported="false"
68-->[com.google.android.gms:play-services-base:17.0.0] AndroidManifest.xml:25:13-37
69            android:theme="@android:style/Theme.Translucent.NoTitleBar" />
69-->[com.google.android.gms:play-services-base:17.0.0] AndroidManifest.xml:26:13-72
70
71        <provider
71-->[androidx.lifecycle:lifecycle-process:2.0.0] AndroidManifest.xml:23:9-27:43
72            android:name="androidx.lifecycle.ProcessLifecycleOwnerInitializer"
72-->[androidx.lifecycle:lifecycle-process:2.0.0] AndroidManifest.xml:24:13-79
73            android:authorities="com.androiddevs.runningappyt.lifecycle-process"
73-->[androidx.lifecycle:lifecycle-process:2.0.0] AndroidManifest.xml:25:13-69
74            android:exported="false"
74-->[androidx.lifecycle:lifecycle-process:2.0.0] AndroidManifest.xml:26:13-37
75            android:multiprocess="true" />
75-->[androidx.lifecycle:lifecycle-process:2.0.0] AndroidManifest.xml:27:13-40
76    </application>
77
78</manifest>